build/app/intermediates/manifest_merge_blame_file/release/manifest-merger-blame-release-report.txt
1<?xml version="1.0" encoding="utf-8"?>
2<manifest xmlns:android="http://schemas.android.com/apk/res/android"
3    package="ke.plugin.afyasasa"
4    android:versionCode="1"
5    android:versionName="1.0.0" >
6
7    <uses-sdk
8        android:minSdkVersion="16"
8-->src/main/AndroidManifest.xml
9        android:targetSdkVersion="28" />
9-->src/main/AndroidManifest.xml
10    <!--
11         io.flutter.app.FlutterApplication is an android.app.Application that
12         calls FlutterMain.startInitialization(this); in its onCreate method.
13         In most cases you can leave this as-is, but you if you want to provide
14         additional functionality it is fine to subclass or reimplement
15         FlutterApplication and put your custom class here.
16    -->
17    <uses-permission android:name="android.permission.INTERNET" />
17-->src/main/AndroidManifest.xml:8:5-66
17-->src/main/AndroidManifest.xml:8:22-64
18    <uses-permission android:name="android.permission.READ_CONTACTS" />
18-->src/main/AndroidManifest.xml:9:5-72
18-->src/main/AndroidManifest.xml:9:22-69
19    <uses-permission android:name="android.permission.ACCESS_NETWORK_STATE" />
19-->[:firebase_analytics] AndroidManifest.xml:7:5-79
19-->[:firebase_analytics] AndroidManifest.xml:7:22-76
20    <uses-permission android:name="android.permission.WAKE_LOCK" />
20-->[:firebase_analytics] AndroidManifest.xml:9:5-68
20-->[:firebase_analytics] AndroidManifest.xml:9:22-65
21    <uses-permission android:name="android.permission.READ_EXTERNAL_STORAGE" />
21-->[:image_picker] AndroidManifest.xml:7:5-80
21-->[:image_picker] AndroidManifest.xml:7:22-77
22    <uses-permission android:name="android.permission.WRITE_EXTERNAL_STORAGE" />
22-->[:image_picker] AndroidManifest.xml:8:5-81
22-->[:image_picker] AndroidManifest.xml:8:22-78
23    <uses-permission android:name="com.google.android.finsky.permission.BIND_GET_INSTALL_REFERRER_SERVICE" /> <!-- Required by older versions of Google Play services to create IID tokens -->
23-->[com.google.android.gms:play-services-measurement:17.2.1] AndroidManifest.xml:26:5-110
23-->[com.google.android.gms:play-services-measurement:17.2.1] AndroidManifest.xml:26:22-107
24    <uses-permission android:name="com.google.android.c2dm.permission.RECEIVE" />
24-->[com.google.firebase:firebase-iid:20.0.1] AndroidManifest.xml:26:5-82
24-->[com.google.firebase:firebase-iid:20.0.1] AndroidManifest.xml:26:22-79
25
26    <application
26-->src/main/AndroidManifest.xml:10:5-48:19
27        android:name="io.flutter.app.FlutterApplication"
27-->src/main/AndroidManifest.xml:11:9-57
28        android:appComponentFactory="androidx.core.app.CoreComponentFactory"
28-->[androidx.core:core:1.1.0] AndroidManifest.xml:24:18-86
29        android:icon="@mipmap/ic_launcher"
29-->src/main/AndroidManifest.xml:13:9-43
30        android:label="Afyasasa" >
30-->src/main/AndroidManifest.xml:12:9-33
31        <activity
31-->src/main/AndroidManifest.xml:14:9-42:20
32            android:name="ke.plugin.afyasasa.MainActivity"
32-->src/main/AndroidManifest.xml:15:13-41
33            android:configChanges="orientation|keyboardHidden|keyboard|screenSize|smallestScreenSize|locale|layoutDirection|fontScale|screenLayout|density|uiMode"
33-->src/main/AndroidManifest.xml:18:13-163
34            android:hardwareAccelerated="true"
34-->src/main/AndroidManifest.xml:19:13-47
35            android:launchMode="singleTop"
35-->src/main/AndroidManifest.xml:16:13-43
36            android:theme="@style/LaunchTheme"
36-->src/main/AndroidManifest.xml:17:13-47
37            android:windowSoftInputMode="adjustResize" >
37-->src/main/AndroidManifest.xml:20:13-55
38
39            <!--
40                 Specifies an Android theme to apply to this Activity as soon as
41                 the Android process has started. This theme is visible to the user
42                 while the Flutter UI initializes. After that, this theme continues
43                 to determine the Window background behind the Flutter UI.
44            -->
45            <meta-data
45-->src/main/AndroidManifest.xml:25:13-28:17
46                android:name="io.flutter.embedding.android.NormalTheme"
46-->src/main/AndroidManifest.xml:26:15-70
47                android:resource="@style/NormalTheme" />
47-->src/main/AndroidManifest.xml:27:15-52
48            <!--
49                 Displays an Android View that continues showing the launch screen
50                 Drawable until Flutter paints its first frame, then this splash
51                 screen fades out. A splash screen is useful to avoid any visual
52                 gap between the end of Android's launch screen and the painting of
53                 Flutter's first frame.
54            -->
55            <meta-data
55-->src/main/AndroidManifest.xml:34:13-37:17
56                android:name="io.flutter.embedding.android.SplashScreenDrawable"
56-->src/main/AndroidManifest.xml:35:15-79
57                android:resource="@drawable/launch_background" />
57-->src/main/AndroidManifest.xml:36:15-61
58
59            <intent-filter>
59-->src/main/AndroidManifest.xml:38:13-41:29
60                <action android:name="android.intent.action.MAIN" />
60-->src/main/AndroidManifest.xml:39:17-68
60-->src/main/AndroidManifest.xml:39:25-66
61
62                <category android:name="android.intent.category.LAUNCHER" />
62-->src/main/AndroidManifest.xml:40:17-76
62-->src/main/AndroidManifest.xml:40:27-74
63            </intent-filter>
64        </activity>
65        <!--
66             Don't delete the meta-data below.
67             This is used by the Flutter tool to generate GeneratedPluginRegistrant.java
68        -->
69        <meta-data
69-->src/main/AndroidManifest.xml:45:9-47:33
70            android:name="flutterEmbedding"
70-->src/main/AndroidManifest.xml:46:13-44
71            android:value="2" />
71-->src/main/AndroidManifest.xml:47:13-30
72
73        <service
73-->[:firebase_analytics] AndroidManifest.xml:12:9-16:19
74            android:name="com.google.firebase.components.ComponentDiscoveryService"
74-->[:firebase_analytics] AndroidManifest.xml:12:18-89
75            android:directBootAware="true"
75-->[com.google.firebase:firebase-common:19.3.0] AndroidManifest.xml:34:13-43
76            android:exported="false" >
76-->[com.google.firebase:firebase-auth:19.2.0] AndroidManifest.xml:35:13-37
77            <meta-data
77-->[:firebase_analytics] AndroidManifest.xml:13:13-15:85
78                android:name="com.google.firebase.components:io.flutter.plugins.firebaseanalytics.FlutterFirebaseAppRegistrar"
78-->[:firebase_analytics] AndroidManifest.xml:14:17-127
79                android:value="com.google.firebase.components.ComponentRegistrar" />
79-->[:firebase_analytics] AndroidManifest.xml:15:17-82
80            <meta-data
80-->[:firebase_auth] AndroidManifest.xml:9:13-11:85
81                android:name="com.google.firebase.components:io.flutter.plugins.firebaseauth.FlutterFirebaseAppRegistrar"
81-->[:firebase_auth] AndroidManifest.xml:10:17-122
82                android:value="com.google.firebase.components.ComponentRegistrar" />
82-->[:firebase_auth] AndroidManifest.xml:11:17-82
83            <meta-data
83-->[com.google.firebase:firebase-auth:19.2.0] AndroidManifest.xml:36:13-38:85
84                android:name="com.google.firebase.components:com.google.firebase.auth.FirebaseAuthRegistrar"
84-->[com.google.firebase:firebase-auth:19.2.0] AndroidManifest.xml:37:17-109
85                android:value="com.google.firebase.components.ComponentRegistrar" />
85-->[com.google.firebase:firebase-auth:19.2.0] AndroidManifest.xml:38:17-82
86            <meta-data
86-->[:cloud_firestore] AndroidManifest.xml:9:13-11:85
87                android:name="com.google.firebase.components:io.flutter.plugins.firebase.cloudfirestore.FlutterFirebaseAppRegistrar"
87-->[:cloud_firestore] AndroidManifest.xml:10:17-133
88                android:value="com.google.firebase.components.ComponentRegistrar" />
88-->[:cloud_firestore] AndroidManifest.xml:11:17-82
89            <meta-data
89-->[com.google.firebase:firebase-firestore:21.3.1] AndroidManifest.xml:20:13-22:85
90                android:name="com.google.firebase.components:com.google.firebase.firestore.FirestoreRegistrar"
90-->[com.google.firebase:firebase-firestore:21.3.1] AndroidManifest.xml:21:17-111
91                android:value="com.google.firebase.components.ComponentRegistrar" />
91-->[com.google.firebase:firebase-firestore:21.3.1] AndroidManifest.xml:22:17-82
92            <meta-data
92-->[:firebase_storage] AndroidManifest.xml:9:13-11:85
93                android:name="com.google.firebase.components:io.flutter.plugins.firebase.storage.FlutterFirebaseAppRegistrar"
93-->[:firebase_storage] AndroidManifest.xml:10:17-126
94                android:value="com.google.firebase.components.ComponentRegistrar" />
94-->[:firebase_storage] AndroidManifest.xml:11:17-82
95            <meta-data
95-->[:firebase_messaging] AndroidManifest.xml:14:13-16:85
96                android:name="com.google.firebase.components:io.flutter.plugins.firebasemessaging.FlutterFirebaseAppRegistrar"
96-->[:firebase_messaging] AndroidManifest.xml:15:17-127
97                android:value="com.google.firebase.components.ComponentRegistrar" />
97-->[:firebase_messaging] AndroidManifest.xml:16:17-82
98            <meta-data
98-->[:firebase_core] AndroidManifest.xml:9:13-11:85
99                android:name="com.google.firebase.components:io.flutter.plugins.firebase.core.FlutterFirebaseAppRegistrar"
99-->[:firebase_core] AndroidManifest.xml:10:17-123
100                android:value="com.google.firebase.components.ComponentRegistrar" />
100-->[:firebase_core] AndroidManifest.xml:11:17-82
101            <meta-data
101-->[com.google.android.gms:play-services-measurement-api:17.2.1] AndroidManifest.xml:30:13-32:85
102                android:name="com.google.firebase.components:com.google.firebase.analytics.connector.internal.AnalyticsConnectorRegistrar"
102-->[com.google.android.gms:play-services-measurement-api:17.2.1] AndroidManifest.xml:31:17-139
103                android:value="com.google.firebase.components.ComponentRegistrar" />
103-->[com.google.android.gms:play-services-measurement-api:17.2.1] AndroidManifest.xml:32:17-82
104            <meta-data
104-->[com.google.firebase:firebase-storage:17.0.0] AndroidManifest.xml:31:13-33:85
105                android:name="com.google.firebase.components:com.google.firebase.storage.StorageRegistrar"
105-->[com.google.firebase:firebase-storage:17.0.0] AndroidManifest.xml:32:17-107
106                android:value="com.google.firebase.components.ComponentRegistrar" />
106-->[com.google.firebase:firebase-storage:17.0.0] AndroidManifest.xml:33:17-82
107            <meta-data
107-->[com.google.firebase:firebase-iid:20.0.1] AndroidManifest.xml:32:13-34:85
108                android:name="com.google.firebase.components:com.google.firebase.iid.Registrar"
108-->[com.google.firebase:firebase-iid:20.0.1] AndroidManifest.xml:33:17-96
109                android:value="com.google.firebase.components.ComponentRegistrar" />
109-->[com.google.firebase:firebase-iid:20.0.1] AndroidManifest.xml:34:17-82
110        </service>
111
112        <activity
112-->[com.google.firebase:firebase-auth:19.2.0] AndroidManifest.xml:24:9-31:50
113            android:name="com.google.firebase.auth.internal.FederatedSignInActivity"
113-->[com.google.firebase:firebase-auth:19.2.0] AndroidManifest.xml:25:13-85
114            android:excludeFromRecents="true"
114-->[com.google.firebase:firebase-auth:19.2.0] AndroidManifest.xml:26:13-46
115            android:exported="true"
115-->[com.google.firebase:firebase-auth:19.2.0] AndroidManifest.xml:27:13-36
116            android:launchMode="singleTask"
116-->[com.google.firebase:firebase-auth:19.2.0] AndroidManifest.xml:28:13-44
117            android:permission="com.google.firebase.auth.api.gms.permission.LAUNCH_FEDERATED_SIGN_IN"
117-->[com.google.firebase:firebase-auth:19.2.0] AndroidManifest.xml:29:13-102
118            android:theme="@android:style/Theme.Translucent.NoTitleBar" />
118-->[com.google.firebase:firebase-auth:19.2.0] AndroidManifest.xml:30:13-72
119
120        <provider
120-->[:image_picker] AndroidManifest.xml:11:9-19:20
121            android:name="io.flutter.plugins.imagepicker.ImagePickerFileProvider"
121-->[:image_picker] AndroidManifest.xml:12:13-82
122            android:authorities="ke.plugin.afyasasa.flutter.image_provider"
122-->[:image_picker] AndroidManifest.xml:13:13-74
123            android:exported="false"
123-->[:image_picker] AndroidManifest.xml:14:13-37
124            android:grantUriPermissions="true" >
124-->[:image_picker] AndroidManifest.xml:15:13-47
125            <meta-data
125-->[:image_picker] AndroidManifest.xml:16:13-18:75
126                android:name="android.support.FILE_PROVIDER_PATHS"
126-->[:image_picker] AndroidManifest.xml:17:17-67
127                android:resource="@xml/flutter_image_picker_file_paths" />
127-->[:image_picker] AndroidManifest.xml:18:17-72
128        </provider>
129
130        <service android:name="io.flutter.plugins.firebasemessaging.FlutterFirebaseMessagingService" >
130-->[:firebase_messaging] AndroidManifest.xml:8:9-12:19
130-->[:firebase_messaging] AndroidManifest.xml:8:18-101
131            <intent-filter>
131-->[:firebase_messaging] AndroidManifest.xml:9:13-11:29
132                <action android:name="com.google.firebase.MESSAGING_EVENT" />
132-->[:firebase_messaging] AndroidManifest.xml:10:17-78
132-->[:firebase_messaging] AndroidManifest.xml:10:25-75
133            </intent-filter>
134        </service>
135
136        <receiver
136-->[com.google.android.gms:play-services-measurement:17.2.1] AndroidManifest.xml:29:9-33:20
137            android:name="com.google.android.gms.measurement.AppMeasurementReceiver"
137-->[com.google.android.gms:play-services-measurement:17.2.1] AndroidManifest.xml:30:13-85
138            android:enabled="true"
138-->[com.google.android.gms:play-services-measurement:17.2.1] AndroidManifest.xml:31:13-35
139            android:exported="false" >
139-->[com.google.android.gms:play-services-measurement:17.2.1] AndroidManifest.xml:32:13-37
140        </receiver>
141        <receiver
141-->[com.google.android.gms:play-services-measurement:17.2.1] AndroidManifest.xml:34:9-42:20
142            android:name="com.google.android.gms.measurement.AppMeasurementInstallReferrerReceiver"
142-->[com.google.android.gms:play-services-measurement:17.2.1] AndroidManifest.xml:35:13-100
143            android:enabled="true"
143-->[com.google.android.gms:play-services-measurement:17.2.1] AndroidManifest.xml:36:13-35
144            android:exported="true"
144-->[com.google.android.gms:play-services-measurement:17.2.1] AndroidManifest.xml:37:13-36
145            android:permission="android.permission.INSTALL_PACKAGES" >
145-->[com.google.android.gms:play-services-measurement:17.2.1] AndroidManifest.xml:38:13-69
146            <intent-filter>
146-->[com.google.android.gms:play-services-measurement:17.2.1] AndroidManifest.xml:39:13-41:29
147                <action android:name="com.android.vending.INSTALL_REFERRER" />
147-->[com.google.android.gms:play-services-measurement:17.2.1] AndroidManifest.xml:40:17-79
147-->[com.google.android.gms:play-services-measurement:17.2.1] AndroidManifest.xml:40:25-76
148            </intent-filter>
149        </receiver>
150
151        <service
151-->[com.google.android.gms:play-services-measurement:17.2.1] AndroidManifest.xml:44:9-47:40
152            android:name="com.google.android.gms.measurement.AppMeasurementService"
152-->[com.google.android.gms:play-services-measurement:17.2.1] AndroidManifest.xml:45:13-84
153            android:enabled="true"
153-->[com.google.android.gms:play-services-measurement:17.2.1] AndroidManifest.xml:46:13-35
154            android:exported="false" />
154-->[com.google.android.gms:play-services-measurement:17.2.1] AndroidManifest.xml:47:13-37
155        <service
155-->[com.google.android.gms:play-services-measurement:17.2.1] AndroidManifest.xml:48:9-52:72
156            android:name="com.google.android.gms.measurement.AppMeasurementJobService"
156-->[com.google.android.gms:play-services-measurement:17.2.1] AndroidManifest.xml:49:13-87
157            android:enabled="true"
157-->[com.google.android.gms:play-services-measurement:17.2.1] AndroidManifest.xml:50:13-35
158            android:exported="false"
158-->[com.google.android.gms:play-services-measurement:17.2.1] AndroidManifest.xml:51:13-37
159            android:permission="android.permission.BIND_JOB_SERVICE" />
159-->[com.google.android.gms:play-services-measurement:17.2.1] AndroidManifest.xml:52:13-69
160        <!--
161             FirebaseMessagingService performs security checks at runtime,
162             but set to not exported to explicitly avoid allowing another app to call it.
163        -->
164        <service
164-->[com.google.firebase:firebase-messaging:20.0.1] AndroidManifest.xml:28:9-34:19
165            android:name="com.google.firebase.messaging.FirebaseMessagingService"
165-->[com.google.firebase:firebase-messaging:20.0.1] AndroidManifest.xml:29:13-82
166            android:exported="false" >
166-->[com.google.firebase:firebase-messaging:20.0.1] AndroidManifest.xml:30:13-37
167            <intent-filter android:priority="-500" >
167-->[:firebase_messaging] AndroidManifest.xml:9:13-11:29
168                <action android:name="com.google.firebase.MESSAGING_EVENT" />
168-->[:firebase_messaging] AndroidManifest.xml:10:17-78
168-->[:firebase_messaging] AndroidManifest.xml:10:25-75
169            </intent-filter>
170        </service>
171
172        <receiver
172-->[com.google.firebase:firebase-iid:20.0.1] AndroidManifest.xml:37:9-44:20
173            android:name="com.google.firebase.iid.FirebaseInstanceIdReceiver"
173-->[com.google.firebase:firebase-iid:20.0.1] AndroidManifest.xml:38:13-78
174            android:exported="true"
174-->[com.google.firebase:firebase-iid:20.0.1] AndroidManifest.xml:39:13-36
175            android:permission="com.google.android.c2dm.permission.SEND" >
175-->[com.google.firebase:firebase-iid:20.0.1] AndroidManifest.xml:40:13-73
176            <intent-filter>
176-->[com.google.firebase:firebase-iid:20.0.1] AndroidManifest.xml:41:13-43:29
177                <action android:name="com.google.android.c2dm.intent.RECEIVE" />
177-->[com.google.firebase:firebase-iid:20.0.1] AndroidManifest.xml:42:17-81
177-->[com.google.firebase:firebase-iid:20.0.1] AndroidManifest.xml:42:25-78
178            </intent-filter>
179        </receiver>
180
181        <activity
181-->[com.google.android.gms:play-services-base:17.1.0] AndroidManifest.xml:23:9-26:75
182            android:name="com.google.android.gms.common.api.GoogleApiActivity"
182-->[com.google.android.gms:play-services-base:17.1.0] AndroidManifest.xml:24:13-79
183            android:exported="false"
183-->[com.google.android.gms:play-services-base:17.1.0] AndroidManifest.xml:25:13-37
184            android:theme="@android:style/Theme.Translucent.NoTitleBar" />
184-->[com.google.android.gms:play-services-base:17.1.0] AndroidManifest.xml:26:13-72
185
186        <provider
186-->[com.google.firebase:firebase-common:19.3.0] AndroidManifest.xml:26:9-30:39
187            android:name="com.google.firebase.provider.FirebaseInitProvider"
187-->[com.google.firebase:firebase-common:19.3.0] AndroidManifest.xml:27:13-77
188            android:authorities="ke.plugin.afyasasa.firebaseinitprovider"
188-->[com.google.firebase:firebase-common:19.3.0] AndroidManifest.xml:28:13-72
189            android:exported="false"
189-->[com.google.firebase:firebase-common:19.3.0] AndroidManifest.xml:29:13-37
190            android:initOrder="100" />
190-->[com.google.firebase:firebase-common:19.3.0] AndroidManifest.xml:30:13-36
191
192        <meta-data
192-->[com.google.android.gms:play-services-basement:17.0.0] AndroidManifest.xml:23:9-25:69
193            android:name="com.google.android.gms.version"
193-->[com.google.android.gms:play-services-basement:17.0.0] AndroidManifest.xml:24:13-58
194            android:value="@integer/google_play_services_version" />
194-->[com.google.android.gms:play-services-basement:17.0.0] AndroidManifest.xml:25:13-66
195    </application>
196
197</manifest>